<?xml version="1.0" encoding="UTF-8"?>
<testng-results total="1" passed="1" failed="0" skipped="0">
  <reporter-output>
  </reporter-output>
  <suite started-at="2020-09-27T14:55:15Z" name="Default suite" finished-at="2020-09-27T14:55:17Z" duration-ms="2210">
    <groups>
    </groups>
    <test started-at="2020-09-27T14:55:15Z" name="Default test" finished-at="2020-09-27T14:55:17Z" duration-ms="2210">
      <class name="loginRadius.Create">
        <test-method is-config="true" signature="init()[pri:0, instance:loginRadius.Create@27c6e487]" started-at="2020-09-27T20:25:15Z" name="init" finished-at="2020-09-27T20:25:15Z" duration-ms="303" status="PASS">
          <reporter-output>
          </reporter-output>
        </test-method> <!-- init -->
        <test-method signature="getUser()[pri:0, instance:loginRadius.Create@27c6e487]" started-at="2020-09-27T20:25:15Z" name="getUser" finished-at="2020-09-27T20:25:17Z" duration-ms="1897" status="PASS">
          <reporter-output>
          </reporter-output>
        </test-method> <!-- getUser -->
      </class> <!-- loginRadius.Create -->
    </test> <!-- Default test -->
  </suite> <!-- Default suite -->
</testng-results>
